<?xml version="1.0" encoding="UTF-8"?>
<!-- Generated by org.testng.reporters.JUnitReportReporter -->
<testsuite hostname="DESKTOP-HOOOIG6" failures="0" tests="1" name="chainingRequest.CreateIncidentWithPostBody" time="11.653" errors="0" timestamp="2020-09-13T08:06:10 BST" skipped="0">
  <testcase classname="chainingRequest.CreateIncidentWithPostBody" name="createIncidentWithBody" time="11.653"/>
  <system-out/>
</testsuite> <!-- chainingRequest.CreateIncidentWithPostBody -->
