<?xml version="1.0" encoding="UTF-8"?>
<!-- Generated by org.testng.reporters.JUnitReportReporter -->
<testsuite hostname="DESKTOP-HOOOIG6" failures="0" tests="1" name="basics.CreateIncidentWithPostBody" time="12.504" errors="0" timestamp="2020-09-13T09:01:52 BST" skipped="0">
  <testcase classname="basics.CreateIncidentWithPostBody" name="createIncidentWithBody" time="12.504"/>
  <system-out/>
</testsuite> <!-- basics.CreateIncidentWithPostBody -->
