<?xml version="1.0" encoding="UTF-8"?>
<!-- Generated by org.testng.reporters.JUnitReportReporter -->
<testsuite hostname="DESKTOP-HOOOIG6" failures="0" tests="1" name="basics.DeleteIncidentPathParameter" time="9.846" errors="0" timestamp="2020-09-13T09:05:27 BST" skipped="0">
  <testcase classname="basics.DeleteIncidentPathParameter" name="deleteIncident" time="9.846"/>
  <system-out/>
</testsuite> <!-- basics.DeleteIncidentPathParameter -->
