<?xml version="1.0" encoding="UTF-8"?>
<!-- Generated by org.testng.reporters.JUnitReportReporter -->
<testsuite hostname="DESKTOP-HOOOIG6" failures="0" tests="1" name="basics.UpdateIncidentPut" time="10.360" errors="0" timestamp="2020-09-13T09:07:48 BST" skipped="0">
  <testcase classname="basics.UpdateIncidentPut" name="createIncidentWithBody" time="10.360"/>
  <system-out/>
</testsuite> <!-- basics.UpdateIncidentPut -->
