<?xml version="1.0" encoding="UTF-8"?>
<!-- Generated by org.testng.reporters.JUnitReportReporter -->
<testsuite hostname="DESKTOP-HOOOIG6" failures="0" tests="1" name="basics.UpdateIncidentPatch" time="10.499" errors="0" timestamp="2020-09-13T09:07:28 BST" skipped="0">
  <testcase classname="basics.UpdateIncidentPatch" name="createIncidentWithBody" time="10.499"/>
  <system-out/>
</testsuite> <!-- basics.UpdateIncidentPatch -->
