<?xml version="1.0" encoding="UTF-8"?>
<!-- Generated by org.testng.reporters.JUnitReportReporter -->
<testsuite hostname="DESKTOP-HOOOIG6" failures="0" tests="1" name="basics.CreateIncident" time="15.374" errors="0" timestamp="2020-09-13T09:01:20 BST" skipped="0">
  <testcase classname="basics.CreateIncident" name="createIncidentWithoutBody" time="15.374"/>
  <system-out/>
</testsuite> <!-- basics.CreateIncident -->
