<?xml version="1.0" encoding="UTF-8"?>
<!-- Generated by org.testng.reporters.JUnitReportReporter -->
<testsuite hostname="DESKTOP-HOOOIG6" failures="0" tests="1" name="basics.GetAllIncidents" time="9.309" errors="0" timestamp="2020-09-13T09:05:56 BST" skipped="0">
  <testcase classname="basics.GetAllIncidents" name="getAllIncidents" time="9.309"/>
  <system-out/>
</testsuite> <!-- basics.GetAllIncidents -->
