<?xml version="1.0" encoding="UTF-8"?>
<!-- Generated by org.testng.reporters.JUnitReportReporter -->
<testsuite hostname="DESKTOP-HOOOIG6" failures="0" tests="1" name="basics.CreateWithBodyFromFile" time="11.460" errors="0" timestamp="2020-09-13T09:02:54 BST" skipped="0">
  <testcase classname="basics.CreateWithBodyFromFile" name="createIncidentWithBody" time="11.460"/>
  <system-out/>
</testsuite> <!-- basics.CreateWithBodyFromFile -->
