<?xml version="1.0" encoding="UTF-8"?>
<!-- Generated by org.testng.reporters.JUnitReportReporter -->
<testsuite hostname="DESKTOP-HOOOIG6" failures="0" tests="1" name="basics.CreateWithPostBodyXMLPath" time="9.165" errors="0" timestamp="2020-09-13T09:03:59 BST" skipped="0">
  <testcase classname="basics.CreateWithPostBodyXMLPath" name="createIncidentWithBody" time="9.165"/>
  <system-out/>
</testsuite> <!-- basics.CreateWithPostBodyXMLPath -->
