<?xml version="1.0" encoding="UTF-8"?>
<!-- Generated by org.testng.reporters.JUnitReportReporter -->
<testsuite hostname="DESKTOP-HOOOIG6" failures="0" tests="1" name="basics.JiraGetIssues" time="8.200" errors="0" timestamp="2020-09-13T09:06:38 BST" skipped="0">
  <testcase classname="basics.JiraGetIssues" name="getIssues" time="8.200"/>
  <system-out/>
</testsuite> <!-- basics.JiraGetIssues -->
