<?xml version="1.0" encoding="UTF-8"?>
<!-- Generated by org.testng.reporters.JUnitReportReporter -->
<testsuite hostname="DESKTOP-HOOOIG6" failures="0" tests="1" name="basics.CreateIncidentWithHeader" time="9.975" errors="0" timestamp="2020-09-13T09:09:45 BST" skipped="0">
  <testcase classname="basics.CreateIncidentWithHeader" name="createIncidentWithoutBody" time="9.975"/>
  <system-out/>
</testsuite> <!-- basics.CreateIncidentWithHeader -->
