<?xml version="1.0" encoding="UTF-8"?>
<!-- Generated by org.testng.reporters.JUnitReportReporter -->
<testsuite hostname="DESKTOP-HOOOIG6" failures="0" tests="1" name="chainingRequest.DeleteIncidentPathParameter" time="1.972" errors="0" timestamp="2020-09-13T08:06:10 BST" skipped="0">
  <testcase classname="chainingRequest.DeleteIncidentPathParameter" name="deleteIncident" time="1.972"/>
  <system-out/>
</testsuite> <!-- chainingRequest.DeleteIncidentPathParameter -->
