<?xml version="1.0" encoding="UTF-8"?>
<!-- Generated by org.testng.reporters.JUnitReportReporter -->
<testsuite hostname="DESKTOP-HOOOIG6" failures="0" tests="2" name="basics.CreateWithBodyMultipleFiles" time="25.497" errors="0" timestamp="2020-09-13T09:03:40 BST" skipped="0">
  <testcase classname="basics.CreateWithBodyMultipleFiles" name="createIncidentWithBody" time="12.744"/>
  <system-out/>
  <testcase classname="basics.CreateWithBodyMultipleFiles" name="createIncidentWithBody" time="12.753"/>
  <system-out/>
</testsuite> <!-- basics.CreateWithBodyMultipleFiles -->
