<?xml version="1.0" encoding="UTF-8"?>
<!-- Generated by org.testng.reporters.JUnitReportReporter -->
<testsuite hostname="DESKTOP-HOOOIG6" failures="0" tests="1" name="basics.DeleteIncident" time="9.058" errors="0" timestamp="2020-09-13T09:04:35 BST" skipped="0">
  <testcase classname="basics.DeleteIncident" name="deleteIncident" time="9.058"/>
  <system-out/>
</testsuite> <!-- basics.DeleteIncident -->
